<?xml version="1.0" encoding="UTF-8"?>
<testsuite xmlns:xsi="http://www.w3.org/2001/XMLSchema-instance" xsi:noNamespaceSchemaLocation="https://maven.apache.org/surefire/maven-surefire-plugin/xsd/surefire-test-report.xsd" name="com.example.bfcmapi.BfcmApiApplicationTests" time="2.589" tests="1" errors="0" skipped="0" failures="0">
  <properties>
    <property name="java.specification.version" value="15"/>
    <property name="sun.jnu.encoding" value="UTF-8"/>
    <property name="java.class.path" value="/Users/abdullahiskifoglu/Desktop/bfcm-api/target/test-classes:/Users/abdullahiskifoglu/Desktop/bfcm-api/target/classes:/Users/abdullahiskifoglu/.m2/repository/org/springframework/boot/spring-boot-starter-web/2.4.4/spring-boot-starter-web-2.4.4.jar:/Users/abdullahiskifoglu/.m2/repository/org/springframework/boot/spring-boot-starter/2.4.4/spring-boot-starter-2.4.4.jar:/Users/abdullahiskifoglu/.m2/repository/org/springframework/boot/spring-boot/2.4.4/spring-boot-2.4.4.jar:/Users/abdullahiskifoglu/.m2/repository/org/springframework/boot/spring-boot-autoconfigure/2.4.4/spring-boot-autoconfigure-2.4.4.jar:/Users/abdullahiskifoglu/.m2/repository/org/springframework/boot/spring-boot-starter-logging/2.4.4/spring-boot-starter-logging-2.4.4.jar:/Users/abdullahiskifoglu/.m2/repository/ch/qos/logback/logback-classic/1.2.3/logback-classic-1.2.3.jar:/Users/abdullahiskifoglu/.m2/repository/ch/qos/logback/logback-core/1.2.3/logback-core-1.2.3.jar:/Users/abdullahiskifoglu/.m2/repository/org/apache/logging/log4j/log4j-to-slf4j/2.13.3/log4j-to-slf4j-2.13.3.jar:/Users/abdullahiskifoglu/.m2/repository/org/apache/logging/log4j/log4j-api/2.13.3/log4j-api-2.13.3.jar:/Users/abdullahiskifoglu/.m2/repository/org/slf4j/jul-to-slf4j/1.7.30/jul-to-slf4j-1.7.30.jar:/Users/abdullahiskifoglu/.m2/repository/jakarta/annotation/jakarta.annotation-api/1.3.5/jakarta.annotation-api-1.3.5.jar:/Users/abdullahiskifoglu/.m2/repository/org/yaml/snakeyaml/1.27/snakeyaml-1.27.jar:/Users/abdullahiskifoglu/.m2/repository/org/springframework/boot/spring-boot-starter-json/2.4.4/spring-boot-starter-json-2.4.4.jar:/Users/abdullahiskifoglu/.m2/repository/com/fasterxml/jackson/core/jackson-databind/2.11.4/jackson-databind-2.11.4.jar:/Users/abdullahiskifoglu/.m2/repository/com/fasterxml/jackson/core/jackson-annotations/2.11.4/jackson-annotations-2.11.4.jar:/Users/abdullahiskifoglu/.m2/repository/com/fasterxml/jackson/core/jackson-core/2.11.4/jackson-core-2.11.4.jar:/Users/abdullahiskifoglu/.m2/repository/com/fasterxml/jackson/datatype/jackson-datatype-jdk8/2.11.4/jackson-datatype-jdk8-2.11.4.jar:/Users/abdullahiskifoglu/.m2/repository/com/fasterxml/jackson/datatype/jackson-datatype-jsr310/2.11.4/jackson-datatype-jsr310-2.11.4.jar:/Users/abdullahiskifoglu/.m2/repository/com/fasterxml/jackson/module/jackson-module-parameter-names/2.11.4/jackson-module-parameter-names-2.11.4.jar:/Users/abdullahiskifoglu/.m2/repository/org/springframework/boot/spring-boot-starter-tomcat/2.4.4/spring-boot-starter-tomcat-2.4.4.jar:/Users/abdullahiskifoglu/.m2/repository/org/apache/tomcat/embed/tomcat-embed-core/9.0.44/tomcat-embed-core-9.0.44.jar:/Users/abdullahiskifoglu/.m2/repository/org/glassfish/jakarta.el/3.0.3/jakarta.el-3.0.3.jar:/Users/abdullahiskifoglu/.m2/repository/org/apache/tomcat/embed/tomcat-embed-websocket/9.0.44/tomcat-embed-websocket-9.0.44.jar:/Users/abdullahiskifoglu/.m2/repository/org/springframework/spring-web/5.3.5/spring-web-5.3.5.jar:/Users/abdullahiskifoglu/.m2/repository/org/springframework/spring-beans/5.3.5/spring-beans-5.3.5.jar:/Users/abdullahiskifoglu/.m2/repository/org/springframework/spring-webmvc/5.3.5/spring-webmvc-5.3.5.jar:/Users/abdullahiskifoglu/.m2/repository/org/springframework/spring-aop/5.3.5/spring-aop-5.3.5.jar:/Users/abdullahiskifoglu/.m2/repository/org/springframework/spring-context/5.3.5/spring-context-5.3.5.jar:/Users/abdullahiskifoglu/.m2/repository/org/springframework/spring-expression/5.3.5/spring-expression-5.3.5.jar:/Users/abdullahiskifoglu/.m2/repository/com/sparkjava/spark-core/2.6.0/spark-core-2.6.0.jar:/Users/abdullahiskifoglu/.m2/repository/org/slf4j/slf4j-api/1.7.30/slf4j-api-1.7.30.jar:/Users/abdullahiskifoglu/.m2/repository/org/eclipse/jetty/jetty-server/9.4.38.v20210224/jetty-server-9.4.38.v20210224.jar:/Users/abdullahiskifoglu/.m2/repository/javax/servlet/javax.servlet-api/4.0.1/javax.servlet-api-4.0.1.jar:/Users/abdullahiskifoglu/.m2/repository/org/eclipse/jetty/jetty-http/9.4.38.v20210224/jetty-http-9.4.38.v20210224.jar:/Users/abdullahiskifoglu/.m2/repository/org/eclipse/jetty/jetty-util/9.4.38.v20210224/jetty-util-9.4.38.v20210224.jar:/Users/abdullahiskifoglu/.m2/repository/org/eclipse/jetty/jetty-io/9.4.38.v20210224/jetty-io-9.4.38.v20210224.jar:/Users/abdullahiskifoglu/.m2/repository/org/eclipse/jetty/jetty-webapp/9.4.38.v20210224/jetty-webapp-9.4.38.v20210224.jar:/Users/abdullahiskifoglu/.m2/repository/org/eclipse/jetty/jetty-xml/9.4.38.v20210224/jetty-xml-9.4.38.v20210224.jar:/Users/abdullahiskifoglu/.m2/repository/org/eclipse/jetty/jetty-servlet/9.4.38.v20210224/jetty-servlet-9.4.38.v20210224.jar:/Users/abdullahiskifoglu/.m2/repository/org/eclipse/jetty/jetty-security/9.4.38.v20210224/jetty-security-9.4.38.v20210224.jar:/Users/abdullahiskifoglu/.m2/repository/org/eclipse/jetty/jetty-util-ajax/9.4.38.v20210224/jetty-util-ajax-9.4.38.v20210224.jar:/Users/abdullahiskifoglu/.m2/repository/org/eclipse/jetty/websocket/websocket-server/9.4.38.v20210224/websocket-server-9.4.38.v20210224.jar:/Users/abdullahiskifoglu/.m2/repository/org/eclipse/jetty/websocket/websocket-common/9.4.38.v20210224/websocket-common-9.4.38.v20210224.jar:/Users/abdullahiskifoglu/.m2/repository/org/eclipse/jetty/websocket/websocket-client/9.4.38.v20210224/websocket-client-9.4.38.v20210224.jar:/Users/abdullahiskifoglu/.m2/repository/org/eclipse/jetty/jetty-client/9.4.38.v20210224/jetty-client-9.4.38.v20210224.jar:/Users/abdullahiskifoglu/.m2/repository/org/eclipse/jetty/websocket/websocket-servlet/9.4.38.v20210224/websocket-servlet-9.4.38.v20210224.jar:/Users/abdullahiskifoglu/.m2/repository/org/eclipse/jetty/websocket/websocket-api/9.4.38.v20210224/websocket-api-9.4.38.v20210224.jar:/Users/abdullahiskifoglu/.m2/repository/org/apache/httpcomponents/httpclient/4.5.3/httpclient-4.5.3.jar:/Users/abdullahiskifoglu/.m2/repository/org/apache/httpcomponents/httpcore/4.4.14/httpcore-4.4.14.jar:/Users/abdullahiskifoglu/.m2/repository/commons-codec/commons-codec/1.15/commons-codec-1.15.jar:/Users/abdullahiskifoglu/.m2/repository/com/stripe/stripe-java/20.44.0/stripe-java-20.44.0.jar:/Users/abdullahiskifoglu/.m2/repository/com/google/code/gson/gson/2.8.6/gson-2.8.6.jar:/Users/abdullahiskifoglu/.m2/repository/org/springframework/boot/spring-boot-starter-test/2.4.4/spring-boot-starter-test-2.4.4.jar:/Users/abdullahiskifoglu/.m2/repository/org/springframework/boot/spring-boot-test/2.4.4/spring-boot-test-2.4.4.jar:/Users/abdullahiskifoglu/.m2/repository/org/springframework/boot/spring-boot-test-autoconfigure/2.4.4/spring-boot-test-autoconfigure-2.4.4.jar:/Users/abdullahiskifoglu/.m2/repository/com/jayway/jsonpath/json-path/2.4.0/json-path-2.4.0.jar:/Users/abdullahiskifoglu/.m2/repository/net/minidev/json-smart/2.3/json-smart-2.3.jar:/Users/abdullahiskifoglu/.m2/repository/net/minidev/accessors-smart/1.2/accessors-smart-1.2.jar:/Users/abdullahiskifoglu/.m2/repository/org/ow2/asm/asm/5.0.4/asm-5.0.4.jar:/Users/abdullahiskifoglu/.m2/repository/jakarta/xml/bind/jakarta.xml.bind-api/2.3.3/jakarta.xml.bind-api-2.3.3.jar:/Users/abdullahiskifoglu/.m2/repository/jakarta/activation/jakarta.activation-api/1.2.2/jakarta.activation-api-1.2.2.jar:/Users/abdullahiskifoglu/.m2/repository/org/assertj/assertj-core/3.18.1/assertj-core-3.18.1.jar:/Users/abdullahiskifoglu/.m2/repository/org/hamcrest/hamcrest/2.2/hamcrest-2.2.jar:/Users/abdullahiskifoglu/.m2/repository/org/junit/jupiter/junit-jupiter/5.7.1/junit-jupiter-5.7.1.jar:/Users/abdullahiskifoglu/.m2/repository/org/junit/jupiter/junit-jupiter-api/5.7.1/junit-jupiter-api-5.7.1.jar:/Users/abdullahiskifoglu/.m2/repository/org/apiguardian/apiguardian-api/1.1.0/apiguardian-api-1.1.0.jar:/Users/abdullahiskifoglu/.m2/repository/org/opentest4j/opentest4j/1.2.0/opentest4j-1.2.0.jar:/Users/abdullahiskifoglu/.m2/repository/org/junit/platform/junit-platform-commons/1.7.1/junit-platform-commons-1.7.1.jar:/Users/abdullahiskifoglu/.m2/repository/org/junit/jupiter/junit-jupiter-params/5.7.1/junit-jupiter-params-5.7.1.jar:/Users/abdullahiskifoglu/.m2/repository/org/junit/jupiter/junit-jupiter-engine/5.7.1/junit-jupiter-engine-5.7.1.jar:/Users/abdullahiskifoglu/.m2/repository/org/junit/platform/junit-platform-engine/1.7.1/junit-platform-engine-1.7.1.jar:/Users/abdullahiskifoglu/.m2/repository/org/mockito/mockito-core/3.6.28/mockito-core-3.6.28.jar:/Users/abdullahiskifoglu/.m2/repository/net/bytebuddy/byte-buddy/1.10.22/byte-buddy-1.10.22.jar:/Users/abdullahiskifoglu/.m2/repository/net/bytebuddy/byte-buddy-agent/1.10.22/byte-buddy-agent-1.10.22.jar:/Users/abdullahiskifoglu/.m2/repository/org/objenesis/objenesis/3.1/objenesis-3.1.jar:/Users/abdullahiskifoglu/.m2/repository/org/mockito/mockito-junit-jupiter/3.6.28/mockito-junit-jupiter-3.6.28.jar:/Users/abdullahiskifoglu/.m2/repository/org/skyscreamer/jsonassert/1.5.0/jsonassert-1.5.0.jar:/Users/abdullahiskifoglu/.m2/repository/com/vaadin/external/google/android-json/0.0.20131108.vaadin1/android-json-0.0.20131108.vaadin1.jar:/Users/abdullahiskifoglu/.m2/repository/org/springframework/spring-core/5.3.5/spring-core-5.3.5.jar:/Users/abdullahiskifoglu/.m2/repository/org/springframework/spring-jcl/5.3.5/spring-jcl-5.3.5.jar:/Users/abdullahiskifoglu/.m2/repository/org/springframework/spring-test/5.3.5/spring-test-5.3.5.jar:/Users/abdullahiskifoglu/.m2/repository/org/xmlunit/xmlunit-core/2.7.0/xmlunit-core-2.7.0.jar:/Users/abdullahiskifoglu/.m2/repository/net/java/dev/jna/jna/5.5.0/jna-5.5.0.jar:"/>
    <property name="java.vm.vendor" value="Oracle Corporation"/>
    <property name="sun.arch.data.model" value="64"/>
    <property name="java.vendor.url" value="https://java.oracle.com/"/>
    <property name="os.name" value="Mac OS X"/>
    <property name="java.vm.specification.version" value="15"/>
    <property name="sun.java.launcher" value="SUN_STANDARD"/>
    <property name="user.country" value="CY"/>
    <property name="sun.boot.library.path" value="/Library/Java/JavaVirtualMachines/jdk-15.0.2.jdk/Contents/Home/lib"/>
    <property name="sun.java.command" value="/Users/abdullahiskifoglu/Desktop/bfcm-api/target/surefire/surefirebooter6142059021024428339.jar /Users/abdullahiskifoglu/Desktop/bfcm-api/target/surefire 2021-03-29T19-47-37_695-jvmRun1 surefire17870440728688548226tmp surefire_07345555267555306790tmp"/>
    <property name="http.nonProxyHosts" value="local|*.local|169.254/16|*.169.254/16"/>
    <property name="jdk.debug" value="release"/>
    <property name="surefire.test.class.path" value="/Users/abdullahiskifoglu/Desktop/bfcm-api/target/test-classes:/Users/abdullahiskifoglu/Desktop/bfcm-api/target/classes:/Users/abdullahiskifoglu/.m2/repository/org/springframework/boot/spring-boot-starter-web/2.4.4/spring-boot-starter-web-2.4.4.jar:/Users/abdullahiskifoglu/.m2/repository/org/springframework/boot/spring-boot-starter/2.4.4/spring-boot-starter-2.4.4.jar:/Users/abdullahiskifoglu/.m2/repository/org/springframework/boot/spring-boot/2.4.4/spring-boot-2.4.4.jar:/Users/abdullahiskifoglu/.m2/repository/org/springframework/boot/spring-boot-autoconfigure/2.4.4/spring-boot-autoconfigure-2.4.4.jar:/Users/abdullahiskifoglu/.m2/repository/org/springframework/boot/spring-boot-starter-logging/2.4.4/spring-boot-starter-logging-2.4.4.jar:/Users/abdullahiskifoglu/.m2/repository/ch/qos/logback/logback-classic/1.2.3/logback-classic-1.2.3.jar:/Users/abdullahiskifoglu/.m2/repository/ch/qos/logback/logback-core/1.2.3/logback-core-1.2.3.jar:/Users/abdullahiskifoglu/.m2/repository/org/apache/logging/log4j/log4j-to-slf4j/2.13.3/log4j-to-slf4j-2.13.3.jar:/Users/abdullahiskifoglu/.m2/repository/org/apache/logging/log4j/log4j-api/2.13.3/log4j-api-2.13.3.jar:/Users/abdullahiskifoglu/.m2/repository/org/slf4j/jul-to-slf4j/1.7.30/jul-to-slf4j-1.7.30.jar:/Users/abdullahiskifoglu/.m2/repository/jakarta/annotation/jakarta.annotation-api/1.3.5/jakarta.annotation-api-1.3.5.jar:/Users/abdullahiskifoglu/.m2/repository/org/yaml/snakeyaml/1.27/snakeyaml-1.27.jar:/Users/abdullahiskifoglu/.m2/repository/org/springframework/boot/spring-boot-starter-json/2.4.4/spring-boot-starter-json-2.4.4.jar:/Users/abdullahiskifoglu/.m2/repository/com/fasterxml/jackson/core/jackson-databind/2.11.4/jackson-databind-2.11.4.jar:/Users/abdullahiskifoglu/.m2/repository/com/fasterxml/jackson/core/jackson-annotations/2.11.4/jackson-annotations-2.11.4.jar:/Users/abdullahiskifoglu/.m2/repository/com/fasterxml/jackson/core/jackson-core/2.11.4/jackson-core-2.11.4.jar:/Users/abdullahiskifoglu/.m2/repository/com/fasterxml/jackson/datatype/jackson-datatype-jdk8/2.11.4/jackson-datatype-jdk8-2.11.4.jar:/Users/abdullahiskifoglu/.m2/repository/com/fasterxml/jackson/datatype/jackson-datatype-jsr310/2.11.4/jackson-datatype-jsr310-2.11.4.jar:/Users/abdullahiskifoglu/.m2/repository/com/fasterxml/jackson/module/jackson-module-parameter-names/2.11.4/jackson-module-parameter-names-2.11.4.jar:/Users/abdullahiskifoglu/.m2/repository/org/springframework/boot/spring-boot-starter-tomcat/2.4.4/spring-boot-starter-tomcat-2.4.4.jar:/Users/abdullahiskifoglu/.m2/repository/org/apache/tomcat/embed/tomcat-embed-core/9.0.44/tomcat-embed-core-9.0.44.jar:/Users/abdullahiskifoglu/.m2/repository/org/glassfish/jakarta.el/3.0.3/jakarta.el-3.0.3.jar:/Users/abdullahiskifoglu/.m2/repository/org/apache/tomcat/embed/tomcat-embed-websocket/9.0.44/tomcat-embed-websocket-9.0.44.jar:/Users/abdullahiskifoglu/.m2/repository/org/springframework/spring-web/5.3.5/spring-web-5.3.5.jar:/Users/abdullahiskifoglu/.m2/repository/org/springframework/spring-beans/5.3.5/spring-beans-5.3.5.jar:/Users/abdullahiskifoglu/.m2/repository/org/springframework/spring-webmvc/5.3.5/spring-webmvc-5.3.5.jar:/Users/abdullahiskifoglu/.m2/repository/org/springframework/spring-aop/5.3.5/spring-aop-5.3.5.jar:/Users/abdullahiskifoglu/.m2/repository/org/springframework/spring-context/5.3.5/spring-context-5.3.5.jar:/Users/abdullahiskifoglu/.m2/repository/org/springframework/spring-expression/5.3.5/spring-expression-5.3.5.jar:/Users/abdullahiskifoglu/.m2/repository/com/sparkjava/spark-core/2.6.0/spark-core-2.6.0.jar:/Users/abdullahiskifoglu/.m2/repository/org/slf4j/slf4j-api/1.7.30/slf4j-api-1.7.30.jar:/Users/abdullahiskifoglu/.m2/repository/org/eclipse/jetty/jetty-server/9.4.38.v20210224/jetty-server-9.4.38.v20210224.jar:/Users/abdullahiskifoglu/.m2/repository/javax/servlet/javax.servlet-api/4.0.1/javax.servlet-api-4.0.1.jar:/Users/abdullahiskifoglu/.m2/repository/org/eclipse/jetty/jetty-http/9.4.38.v20210224/jetty-http-9.4.38.v20210224.jar:/Users/abdullahiskifoglu/.m2/repository/org/eclipse/jetty/jetty-util/9.4.38.v20210224/jetty-util-9.4.38.v20210224.jar:/Users/abdullahiskifoglu/.m2/repository/org/eclipse/jetty/jetty-io/9.4.38.v20210224/jetty-io-9.4.38.v20210224.jar:/Users/abdullahiskifoglu/.m2/repository/org/eclipse/jetty/jetty-webapp/9.4.38.v20210224/jetty-webapp-9.4.38.v20210224.jar:/Users/abdullahiskifoglu/.m2/repository/org/eclipse/jetty/jetty-xml/9.4.38.v20210224/jetty-xml-9.4.38.v20210224.jar:/Users/abdullahiskifoglu/.m2/repository/org/eclipse/jetty/jetty-servlet/9.4.38.v20210224/jetty-servlet-9.4.38.v20210224.jar:/Users/abdullahiskifoglu/.m2/repository/org/eclipse/jetty/jetty-security/9.4.38.v20210224/jetty-security-9.4.38.v20210224.jar:/Users/abdullahiskifoglu/.m2/repository/org/eclipse/jetty/jetty-util-ajax/9.4.38.v20210224/jetty-util-ajax-9.4.38.v20210224.jar:/Users/abdullahiskifoglu/.m2/repository/org/eclipse/jetty/websocket/websocket-server/9.4.38.v20210224/websocket-server-9.4.38.v20210224.jar:/Users/abdullahiskifoglu/.m2/repository/org/eclipse/jetty/websocket/websocket-common/9.4.38.v20210224/websocket-common-9.4.38.v20210224.jar:/Users/abdullahiskifoglu/.m2/repository/org/eclipse/jetty/websocket/websocket-client/9.4.38.v20210224/websocket-client-9.4.38.v20210224.jar:/Users/abdullahiskifoglu/.m2/repository/org/eclipse/jetty/jetty-client/9.4.38.v20210224/jetty-client-9.4.38.v20210224.jar:/Users/abdullahiskifoglu/.m2/repository/org/eclipse/jetty/websocket/websocket-servlet/9.4.38.v20210224/websocket-servlet-9.4.38.v20210224.jar:/Users/abdullahiskifoglu/.m2/repository/org/eclipse/jetty/websocket/websocket-api/9.4.38.v20210224/websocket-api-9.4.38.v20210224.jar:/Users/abdullahiskifoglu/.m2/repository/org/apache/httpcomponents/httpclient/4.5.3/httpclient-4.5.3.jar:/Users/abdullahiskifoglu/.m2/repository/org/apache/httpcomponents/httpcore/4.4.14/httpcore-4.4.14.jar:/Users/abdullahiskifoglu/.m2/repository/commons-codec/commons-codec/1.15/commons-codec-1.15.jar:/Users/abdullahiskifoglu/.m2/repository/com/stripe/stripe-java/20.44.0/stripe-java-20.44.0.jar:/Users/abdullahiskifoglu/.m2/repository/com/google/code/gson/gson/2.8.6/gson-2.8.6.jar:/Users/abdullahiskifoglu/.m2/repository/org/springframework/boot/spring-boot-starter-test/2.4.4/spring-boot-starter-test-2.4.4.jar:/Users/abdullahiskifoglu/.m2/repository/org/springframework/boot/spring-boot-test/2.4.4/spring-boot-test-2.4.4.jar:/Users/abdullahiskifoglu/.m2/repository/org/springframework/boot/spring-boot-test-autoconfigure/2.4.4/spring-boot-test-autoconfigure-2.4.4.jar:/Users/abdullahiskifoglu/.m2/repository/com/jayway/jsonpath/json-path/2.4.0/json-path-2.4.0.jar:/Users/abdullahiskifoglu/.m2/repository/net/minidev/json-smart/2.3/json-smart-2.3.jar:/Users/abdullahiskifoglu/.m2/repository/net/minidev/accessors-smart/1.2/accessors-smart-1.2.jar:/Users/abdullahiskifoglu/.m2/repository/org/ow2/asm/asm/5.0.4/asm-5.0.4.jar:/Users/abdullahiskifoglu/.m2/repository/jakarta/xml/bind/jakarta.xml.bind-api/2.3.3/jakarta.xml.bind-api-2.3.3.jar:/Users/abdullahiskifoglu/.m2/repository/jakarta/activation/jakarta.activation-api/1.2.2/jakarta.activation-api-1.2.2.jar:/Users/abdullahiskifoglu/.m2/repository/org/assertj/assertj-core/3.18.1/assertj-core-3.18.1.jar:/Users/abdullahiskifoglu/.m2/repository/org/hamcrest/hamcrest/2.2/hamcrest-2.2.jar:/Users/abdullahiskifoglu/.m2/repository/org/junit/jupiter/junit-jupiter/5.7.1/junit-jupiter-5.7.1.jar:/Users/abdullahiskifoglu/.m2/repository/org/junit/jupiter/junit-jupiter-api/5.7.1/junit-jupiter-api-5.7.1.jar:/Users/abdullahiskifoglu/.m2/repository/org/apiguardian/apiguardian-api/1.1.0/apiguardian-api-1.1.0.jar:/Users/abdullahiskifoglu/.m2/repository/org/opentest4j/opentest4j/1.2.0/opentest4j-1.2.0.jar:/Users/abdullahiskifoglu/.m2/repository/org/junit/platform/junit-platform-commons/1.7.1/junit-platform-commons-1.7.1.jar:/Users/abdullahiskifoglu/.m2/repository/org/junit/jupiter/junit-jupiter-params/5.7.1/junit-jupiter-params-5.7.1.jar:/Users/abdullahiskifoglu/.m2/repository/org/junit/jupiter/junit-jupiter-engine/5.7.1/junit-jupiter-engine-5.7.1.jar:/Users/abdullahiskifoglu/.m2/repository/org/junit/platform/junit-platform-engine/1.7.1/junit-platform-engine-1.7.1.jar:/Users/abdullahiskifoglu/.m2/repository/org/mockito/mockito-core/3.6.28/mockito-core-3.6.28.jar:/Users/abdullahiskifoglu/.m2/repository/net/bytebuddy/byte-buddy/1.10.22/byte-buddy-1.10.22.jar:/Users/abdullahiskifoglu/.m2/repository/net/bytebuddy/byte-buddy-agent/1.10.22/byte-buddy-agent-1.10.22.jar:/Users/abdullahiskifoglu/.m2/repository/org/objenesis/objenesis/3.1/objenesis-3.1.jar:/Users/abdullahiskifoglu/.m2/repository/org/mockito/mockito-junit-jupiter/3.6.28/mockito-junit-jupiter-3.6.28.jar:/Users/abdullahiskifoglu/.m2/repository/org/skyscreamer/jsonassert/1.5.0/jsonassert-1.5.0.jar:/Users/abdullahiskifoglu/.m2/repository/com/vaadin/external/google/android-json/0.0.20131108.vaadin1/android-json-0.0.20131108.vaadin1.jar:/Users/abdullahiskifoglu/.m2/repository/org/springframework/spring-core/5.3.5/spring-core-5.3.5.jar:/Users/abdullahiskifoglu/.m2/repository/org/springframework/spring-jcl/5.3.5/spring-jcl-5.3.5.jar:/Users/abdullahiskifoglu/.m2/repository/org/springframework/spring-test/5.3.5/spring-test-5.3.5.jar:/Users/abdullahiskifoglu/.m2/repository/org/xmlunit/xmlunit-core/2.7.0/xmlunit-core-2.7.0.jar:/Users/abdullahiskifoglu/.m2/repository/net/java/dev/jna/jna/5.5.0/jna-5.5.0.jar:"/>
    <property name="sun.cpu.endian" value="little"/>
    <property name="user.home" value="/Users/abdullahiskifoglu"/>
    <property name="user.language" value="tr"/>
    <property name="java.specification.vendor" value="Oracle Corporation"/>
    <property name="java.version.date" value="2021-01-19"/>
    <property name="java.home" value="/Library/Java/JavaVirtualMachines/jdk-15.0.2.jdk/Contents/Home"/>
    <property name="file.separator" value="/"/>
    <property name="basedir" value="/Users/abdullahiskifoglu/Desktop/bfcm-api"/>
    <property name="java.vm.compressedOopsMode" value="Zero based"/>
    <property name="line.separator" value="&#10;"/>
    <property name="java.specification.name" value="Java Platform API Specification"/>
    <property name="java.vm.specification.vendor" value="Oracle Corporation"/>
    <property name="surefire.real.class.path" value="/Users/abdullahiskifoglu/Desktop/bfcm-api/target/surefire/surefirebooter6142059021024428339.jar"/>
    <property name="sun.management.compiler" value="HotSpot 64-Bit Tiered Compilers"/>
    <property name="ftp.nonProxyHosts" value="local|*.local|169.254/16|*.169.254/16"/>
    <property name="java.runtime.version" value="15.0.2+7-27"/>
    <property name="user.name" value="abdullahiskifoglu"/>
    <property name="path.separator" value=":"/>
    <property name="os.version" value="10.16"/>
    <property name="java.runtime.name" value="Java(TM) SE Runtime Environment"/>
    <property name="file.encoding" value="US-ASCII"/>
    <property name="java.vm.name" value="Java HotSpot(TM) 64-Bit Server VM"/>
    <property name="localRepository" value="/Users/abdullahiskifoglu/.m2/repository"/>
    <property name="java.vendor.url.bug" value="https://bugreport.java.com/bugreport/"/>
    <property name="java.io.tmpdir" value="/var/folders/yh/9y9gl1fn40nddnykxft5q5bw0000gn/T/"/>
    <property name="java.version" value="15.0.2"/>
    <property name="user.dir" value="/Users/abdullahiskifoglu/Desktop/bfcm-api"/>
    <property name="os.arch" value="x86_64"/>
    <property name="java.vm.specification.name" value="Java Virtual Machine Specification"/>
    <property name="java.library.path" value="/Users/abdullahiskifoglu/Library/Java/Extensions:/Library/Java/Extensions:/Network/Library/Java/Extensions:/System/Library/Java/Extensions:/usr/lib/java:."/>
    <property name="java.vm.info" value="mixed mode, sharing"/>
    <property name="java.vendor" value="Oracle Corporation"/>
    <property name="java.vm.version" value="15.0.2+7-27"/>
    <property name="sun.io.unicode.encoding" value="UnicodeBig"/>
    <property name="socksNonProxyHosts" value="local|*.local|169.254/16|*.169.254/16"/>
    <property name="java.class.version" value="59.0"/>
  </properties>
  <testcase name="contextLoads" classname="com.example.bfcmapi.BfcmApiApplicationTests" time="0.441"/>
</testsuite>